running develop
/usr/lib/python3/dist-packages/setuptools/command/easy_install.py:158: EasyInstallDeprecationWarning: easy_install command is deprecated. Use build and pip and other standards-based tools.
  warnings.warn(
running egg_info
creating belly_robot.egg-info
writing belly_robot.egg-info/PKG-INFO
writing dependency_links to belly_robot.egg-info/dependency_links.txt
writing entry points to belly_robot.egg-info/entry_points.txt
writing requirements to belly_robot.egg-info/requires.txt
writing top-level names to belly_robot.egg-info/top_level.txt
writing manifest file 'belly_robot.egg-info/SOURCES.txt'
reading manifest file 'belly_robot.egg-info/SOURCES.txt'
writing manifest file 'belly_robot.egg-info/SOURCES.txt'
running build_ext
Creating /home/youssef/belly_ws/install/belly_robot/lib/python3.10/site-packages/belly-robot.egg-link (link to .)

Installed /home/youssef/belly_ws/build/belly_robot
running symlink_data
creating /home/youssef/belly_ws/install/belly_robot/share/ament_index
creating /home/youssef/belly_ws/install/belly_robot/share/ament_index/resource_index
creating /home/youssef/belly_ws/install/belly_robot/share/ament_index/resource_index/packages
symbolically linking /home/youssef/belly_ws/build/belly_robot/resource/belly_robot -> /home/youssef/belly_ws/install/belly_robot/share/ament_index/resource_index/packages
symbolically linking /home/youssef/belly_ws/build/belly_robot/package.xml -> /home/youssef/belly_ws/install/belly_robot/share/belly_robot
